[2022-12-31 20:03:25] [General - Main] [INFO] Native libraries loaded.
[2022-12-31 20:03:27] [Camera - LibCameraJNI] [INFO] Successfully loaded libpicam shared object
[2022-12-31 20:03:27] [General - Main] [INFO] Logging initialized in debug mode.
[2022-12-31 20:03:27] [General - ShellExec] [DEBUG] Executing "id -u"
[2022-12-31 20:03:27] [General - ShellExec] [DEBUG] Got exit code 0
[2022-12-31 20:03:27] [General - ShellExec] [DEBUG] Executing "cat /proc/device-tree/model"
[2022-12-31 20:03:27] [General - ShellExec] [DEBUG] Got exit code 0
[2022-12-31 20:03:27] [General - Main] [INFO] Starting PhotonVision version v2023.1.2 on Linux Raspbian 64-bit (Pi PI_3)
[2022-12-31 20:03:27] [General - ConfigManager] [INFO] Loading settings...
[2022-12-31 20:03:27] [General - ConfigManager] [INFO] Hardware config does not exist! Loading defaults
[2022-12-31 20:03:28] [Camera - CameraConfiguration] [DEBUG] Creating camera configuration for ZeroCopyPicam unicam (AKA Slotheye) at /dev/video0
[2022-12-31 20:03:29] [General - NetworkTablesManager] [INFO] Starting NT Client
[2022-12-31 20:03:29] [General - NetworkTablesManager] [ERROR] [NetworkTablesManager] Could not connect to the robot! Will retry in the background...
[2022-12-31 20:03:29] [General - NetworkManager] [INFO] Setting DHCP with team team 1745
[2022-12-31 20:03:29] [General - ShellExec] [DEBUG] Executing "cat /etc/hostname | tr -d " \t\n\r""
[2022-12-31 20:03:29] [General - ShellExec] [DEBUG] Got exit code 0
[2022-12-31 20:03:29] [General - ShellExec] [DEBUG] Executing "echo photonvision > /etc/hostname"
[2022-12-31 20:03:29] [General - ShellExec] [DEBUG] Got exit code 0
[2022-12-31 20:03:29] [General - ShellExec] [DEBUG] Executing "hostnamectl set-hostname photonvision"
[2022-12-31 20:03:30] [General - ConfigManager] [DEBUG] Saving to disk...
[2022-12-31 20:03:30] [General - ShellExec] [DEBUG] Got exit code 0
[2022-12-31 20:03:30] [General - ShellExec] [DEBUG] Executing "sed -i "s/127.0.1.1.*photonvision/127.0.1.1\tphotonvision/g" /etc/hosts"
[2022-12-31 20:03:30] [General - ShellExec] [DEBUG] Got exit code 0
[2022-12-31 20:03:30] [General - ShellExec] [DEBUG] Executing "sudo service avahi-daemon restart"
[2022-12-31 20:03:30] [General - ConfigManager] [INFO] Settings saved!
[2022-12-31 20:03:31] [General - ShellExec] [DEBUG] Got exit code 0
[2022-12-31 20:03:31] [General - NetworkManager] [INFO] Set hostname to photonvision
[2022-12-31 20:03:31] [General - ShellExec] [DEBUG] Executing "dhclient eth0"
[2022-12-31 20:03:31] [General - ShellExec] [DEBUG] Got exit code 0
[2022-12-31 20:03:31] [Camera - VisionSourceManager] [DEBUG] Matching 1 new cameras!
[2022-12-31 20:03:31] [Camera - VisionSourceManager] [INFO] Adding local video device - "unicam" at "/dev/video0"
[2022-12-31 20:03:31] [Camera - VisionSourceManager] [DEBUG] Trying to find a match for loaded camera unicam with path /dev/video0
[2022-12-31 20:03:31] [Camera - VisionSourceManager] [DEBUG] Matched the config for unicam to a physical camera!
[2022-12-31 20:03:31] [Camera - VisionSourceManager] [DEBUG] After matching loaded configs 0 cameras were unmatched.
[2022-12-31 20:03:31] [Camera - VisionSourceManager] [DEBUG] Matched or created 1 camera configs!
[2022-12-31 20:03:34] [WebServer - DataChangeService] [DEBUG] Added subscriber - Sources: DCS_WEBSOCKET, DCS_HTTP, DCS_NETWORKTABLES, DCS_VISIONMODULE, DCS_OTHER, Destinations: DCD_UI
[2022-12-31 20:03:34] [WebServer - DataChangeService] [DEBUG] Added subscriber - Sources: DCS_WEBSOCKET, Destinations: DCD_GENSETTINGS
[2022-12-31 20:03:37] [VisionModule - VisionSourceSettables] [INFO] Setting video mode to FPS: 90 Width: 320 Height: 240 Pixel Format: kUnknown
[2022-12-31 20:03:37] [Camera - VisionSourceManager] [DEBUG] Matched config for camera "AcceleratedPicamFrameProvider" and loaded 1 pipelines
[2022-12-31 20:03:37] [Camera - VisionSourceManager] [INFO] Adding 1 configs to VMM.
[2022-12-31 20:03:38] [WebServer - DataChangeService] [DEBUG] Added subscriber - Sources: DCS_WEBSOCKET, DCS_HTTP, DCS_NETWORKTABLES, DCS_VISIONMODULE, DCS_OTHER, Destinations: DCD_ACTIVEMODULE, DCD_ACTIVEPIPELINESETTINGS, DCD_GENSETTINGS, DCD_UI, DCD_OTHER
[2022-12-31 20:03:38] [Camera - SocketVideoStreamManager] [DEBUG] Added new stream for port 1181
[2022-12-31 20:03:38] [Camera - SocketVideoStreamManager] [DEBUG] Added new stream for port 1182
[2022-12-31 20:03:38] [General - NetworkTablesManager] [INFO] NT Connected!
[2022-12-31 20:03:38] [General - ScriptManager] [INFO] Queued event: kNTConnected
[2022-12-31 20:03:38] [General - NetworkTablesManager] [INFO] NT Connected!
[2022-12-31 20:03:38] [General - ScriptManager] [INFO] Queued event: kNTConnected
[2022-12-31 20:03:39] [WebServer - DataSocketHandler] [INFO] New websocket connection from /10.88.74.152:52966
[2022-12-31 20:03:39] [WebServer - DataSocketHandler] [INFO] New websocket connection from /10.88.74.152:52967
[2022-12-31 20:03:39] [VisionModule - VisionModule - Slotheye] [INFO] Setting pipeline to 0
[2022-12-31 20:03:39] [VisionModule - VisionModule - Slotheye] [INFO] Pipeline name: quickCone
[2022-12-31 20:03:39] [VisionModule - PipelineManager] [DEBUG] Creating ColoredShape pipeline
[2022-12-31 20:03:39] [VisionModule - VisionSourceSettables] [INFO] Setting video mode to FPS: 90 Width: 320 Height: 240 Pixel Format: kUnknown
